SLF4J: Class path contains multiple SLF4J bindings.
SLF4J: Found binding in [jar:file:/home/zly/hos/HIVE-17414/lib/log4j-slf4j-impl-2.6.2.jar!/org/slf4j/impl/StaticLoggerBinder.class]
SLF4J: Found binding in [jar:file:/home/zly/hos/HIVE-17414/lib/slf4j-log4j12-1.7.16.jar!/org/slf4j/impl/StaticLoggerBinder.class]
SLF4J: Found binding in [jar:file:/home/hadoop-2.6.0/share/hadoop/common/lib/slf4j-log4j12-1.7.5.jar!/org/slf4j/impl/StaticLoggerBinder.class]
SLF4J: See http://www.slf4j.org/codes.html#multiple_bindings for an explanation.
SLF4J: Actual binding is of type [org.apache.logging.slf4j.Log4jLoggerFactory]
which: no hbase in (/usr/scala-2.11.0/bin:/home/hadoop-2.6.0/bin:/home/zly/hive/bin:/home/zly/software/apache-maven-3.3.9/bin:/usr/git:/home/hadoop-2.6.0/bin:/usr/apache-ant-1.9.6/bin:/home/zly/software/jdk1.8.0_91/bin:/usr/lib64/qt-3.3/bin:/usr/local/sbin:/usr/local/bin:/sbin:/bin:/usr/sbin:/usr/bin:/root/bin)
Listening for transport dt_socket at address: 8000
SLF4J: Class path contains multiple SLF4J bindings.
SLF4J: Found binding in [jar:file:/home/zly/hos/HIVE-17414/lib/log4j-slf4j-impl-2.6.2.jar!/org/slf4j/impl/StaticLoggerBinder.class]
SLF4J: Found binding in [jar:file:/home/zly/hos/HIVE-17414/lib/slf4j-log4j12-1.7.16.jar!/org/slf4j/impl/StaticLoggerBinder.class]
SLF4J: Found binding in [jar:file:/home/hadoop-2.6.0/share/hadoop/common/lib/slf4j-log4j12-1.7.5.jar!/org/slf4j/impl/StaticLoggerBinder.class]
SLF4J: See http://www.slf4j.org/codes.html#multiple_bindings for an explanation.
SLF4J: Actual binding is of type [org.apache.logging.slf4j.Log4jLoggerFactory]
2017-10-23 00:43:06,284 main ERROR Console contains an invalid element or attribute "Append"
2017-10-23 00:43:07,032 main ERROR Console contains an invalid element or attribute "Append"

Logging initialized using configuration in file:/home/zly/hos/HIVE-17414/conf/hive-log4j2.properties Async: true
Listening for transport dt_socket at address: 8000
OK
STAGE DEPENDENCIES:
  Stage-2 is a root stage
  Stage-1 depends on stages: Stage-2
  Stage-0 depends on stages: Stage-1

STAGE PLANS:
  Stage: Stage-2
    Spark
      DagName: root_20171023004308_4b3c304e-3deb-4193-846d-12cf9e6a50ab:2
      Vertices:
        Map 8 
            Map Operator Tree:
                TableScan
                  alias: src
                  Statistics: Num rows: 58 Data size: 5812 Basic stats: COMPLETE Column stats: NONE
                  Filter Operator
                    predicate: key is not null (type: boolean)
                    Statistics: Num rows: 58 Data size: 5812 Basic stats: COMPLETE Column stats: NONE
                    Select Operator
                      expressions: key (type: string)
                      outputColumnNames: _col0
                      Statistics: Num rows: 58 Data size: 5812 Basic stats: COMPLETE Column stats: NONE
                      Group By Operator
                        keys: _col0 (type: string)
                        mode: hash
                        outputColumnNames: _col0
                        Statistics: Num rows: 58 Data size: 5812 Basic stats: COMPLETE Column stats: NONE
                        Spark Partition Pruning Sink Operator
                          Target column: ds (string)
                          partition key expr: ds
                          Statistics: Num rows: 58 Data size: 5812 Basic stats: COMPLETE Column stats: NONE
                          target work: Map 1

  Stage: Stage-1
    Spark
      Edges:
        Reducer 2 <- Map 1 (PARTITION-LEVEL SORT, 1), Map 4 (PARTITION-LEVEL SORT, 1)
        Reducer 3 <- Reducer 2 (PARTITION-LEVEL SORT, 1), Reducer 6 (PARTITION-LEVEL SORT, 1)
        Reducer 6 <- Map 1 (PARTITION-LEVEL SORT, 1), Map 7 (PARTITION-LEVEL SORT, 1)
      DagName: root_20171023004308_4b3c304e-3deb-4193-846d-12cf9e6a50ab:1
      Vertices:
        Map 1 
            Map Operator Tree:
                TableScan
                  alias: srcpart
                  Statistics: Num rows: 232 Data size: 23248 Basic stats: COMPLETE Column stats: NONE
                  Filter Operator
                    predicate: key is not null (type: boolean)
                    Statistics: Num rows: 232 Data size: 23248 Basic stats: COMPLETE Column stats: NONE
                    Reduce Output Operator
                      key expressions: ds (type: string)
                      sort order: +
                      Map-reduce partition columns: ds (type: string)
                      Statistics: Num rows: 232 Data size: 23248 Basic stats: COMPLETE Column stats: NONE
                      value expressions: key (type: string)
        Map 4 
            Map Operator Tree:
                TableScan
                  alias: src
                  Statistics: Num rows: 58 Data size: 5812 Basic stats: COMPLETE Column stats: NONE
                  Filter Operator
                    predicate: key is not null (type: boolean)
                    Statistics: Num rows: 58 Data size: 5812 Basic stats: COMPLETE Column stats: NONE
                    Reduce Output Operator
                      key expressions: key (type: string)
                      sort order: +
                      Map-reduce partition columns: key (type: string)
                      Statistics: Num rows: 58 Data size: 5812 Basic stats: COMPLETE Column stats: NONE
        Map 7 
            Map Operator Tree:
                TableScan
                  alias: src
                  Statistics: Num rows: 58 Data size: 5812 Basic stats: COMPLETE Column stats: NONE
                  Filter Operator
                    predicate: value is not null (type: boolean)
                    Statistics: Num rows: 58 Data size: 5812 Basic stats: COMPLETE Column stats: NONE
                    Reduce Output Operator
                      key expressions: value (type: string)
                      sort order: +
                      Map-reduce partition columns: value (type: string)
                      Statistics: Num rows: 58 Data size: 5812 Basic stats: COMPLETE Column stats: NONE
        Reducer 2 
            Reduce Operator Tree:
              Join Operator
                condition map:
                     Inner Join 0 to 1
                keys:
                  0 ds (type: string)
                  1 key (type: string)
                outputColumnNames: _col0, _col2
                Statistics: Num rows: 255 Data size: 25572 Basic stats: COMPLETE Column stats: NONE
                Select Operator
                  expressions: _col2 (type: string), _col0 (type: string)
                  outputColumnNames: _col0, _col1
                  Statistics: Num rows: 255 Data size: 25572 Basic stats: COMPLETE Column stats: NONE
                  Reduce Output Operator
                    key expressions: _col1 (type: string)
                    sort order: +
                    Map-reduce partition columns: _col1 (type: string)
                    Statistics: Num rows: 255 Data size: 25572 Basic stats: COMPLETE Column stats: NONE
                    value expressions: _col0 (type: string)
        Reducer 3 
            Reduce Operator Tree:
              Join Operator
                condition map:
                     Inner Join 0 to 1
                keys:
                  0 _col1 (type: string)
                  1 _col1 (type: string)
                outputColumnNames: _col0, _col1, _col2, _col3
                Statistics: Num rows: 280 Data size: 28129 Basic stats: COMPLETE Column stats: NONE
                File Output Operator
                  compressed: false
                  Statistics: Num rows: 280 Data size: 28129 Basic stats: COMPLETE Column stats: NONE
                  table:
                      input format: org.apache.hadoop.mapred.SequenceFileInputFormat
                      output format: org.apache.hadoop.hive.ql.io.HiveSequenceFileOutputFormat
                      serde: org.apache.hadoop.hive.serde2.lazy.LazySimpleSerDe
        Reducer 6 
            Reduce Operator Tree:
              Join Operator
                condition map:
                     Inner Join 0 to 1
                keys:
                  0 ds (type: string)
                  1 value (type: string)
                outputColumnNames: _col0, _col2
                Statistics: Num rows: 255 Data size: 25572 Basic stats: COMPLETE Column stats: NONE
                Select Operator
                  expressions: _col2 (type: string), _col0 (type: string)
                  outputColumnNames: _col0, _col1
                  Statistics: Num rows: 255 Data size: 25572 Basic stats: COMPLETE Column stats: NONE
                  Reduce Output Operator
                    key expressions: _col1 (type: string)
                    sort order: +
                    Map-reduce partition columns: _col1 (type: string)
                    Statistics: Num rows: 255 Data size: 25572 Basic stats: COMPLETE Column stats: NONE
                    value expressions: _col0 (type: string)

  Stage: Stage-0
    Fetch Operator
      limit: -1
      Processor Tree:
        ListSink

